<?xml version="1.0" encoding="UTF-8"?>
<testng-results ignored="0" total="1" passed="1" failed="0" skipped="0">
  <reporter-output>
  </reporter-output>
  <suite started-at="2020-08-26T14:35:07 IST" name="Default suite" finished-at="2020-08-26T14:35:09 IST" duration-ms="2066">
    <groups>
    </groups>
    <test started-at="2020-08-26T14:35:07 IST" name="Default test" finished-at="2020-08-26T14:35:09 IST" duration-ms="2066">
      <class name="StaticJson">
        <test-method signature="addBook()[pri:0, instance:StaticJson@1a04f701]" started-at="2020-08-26T14:35:07 IST" name="addBook" finished-at="2020-08-26T14:35:09 IST" duration-ms="2037" status="PASS">
          <reporter-output>
          </reporter-output>
        </test-method> <!-- addBook -->
      </class> <!-- StaticJson -->
    </test> <!-- Default test -->
  </suite> <!-- Default suite -->
</testng-results>
